Determining if the pthread_create exist failed with the following output:
Change Dir: /home/sunho/catkin_ws/build/CMakeFiles/CMakeTmp

Run Build Command:"/usr/bin/make" "cmTryCompileExec1150343062/fast"
/usr/bin/make -f CMakeFiles/cmTryCompileExec1150343062.dir/build.make CMakeFiles/cmTryCompileExec1150343062.dir/build
make[1]: Entering directory `/home/sunho/catkin_ws/build/CMakeFiles/CMakeTmp'
/usr/bin/cmake -E cmake_progress_report /home/sunho/catkin_ws/build/CMakeFiles/CMakeTmp/CMakeFiles 1
Building C object CMakeFiles/cmTryCompileExec1150343062.dir/CheckSymbolExists.c.o
/usr/bin/cc    -o CMakeFiles/cmTryCompileExec1150343062.dir/CheckSymbolExists.c.o   -c /home/sunho/catkin_ws/build/CMakeFiles/CMakeTmp/CheckSymbolExists.c
Linking C executable cmTryCompileExec1150343062
/usr/bin/cmake -E cmake_link_script CMakeFiles/cmTryCompileExec1150343062.dir/link.txt --verbose=1
/usr/bin/cc       CMakeFiles/cmTryCompileExec1150343062.dir/CheckSymbolExists.c.o  -o cmTryCompileExec1150343062 -rdynamic 
CMakeFiles/cmTryCompileExec1150343062.dir/CheckSymbolExists.c.o: In function `main':
CheckSymbolExists.c:(.text+0x16): undefined reference to `pthread_create'
collect2: error: ld returned 1 exit status
make[1]: *** [cmTryCompileExec1150343062] Error 1
make[1]: Leaving directory `/home/sunho/catkin_ws/build/CMakeFiles/CMakeTmp'
make: *** [cmTryCompileExec1150343062/fast] Error 2

File /home/sunho/catkin_ws/build/CMakeFiles/CMakeTmp/CheckSymbolExists.c:
/* */
#include <pthread.h>

int main(int argc, char** argv)
{
  (void)argv;
#ifndef pthread_create
  return ((int*)(&pthread_create))[argc];
#else
  (void)argc;
  return 0;
#endif
}

Determining if the function pthread_create exists in the pthreads failed with the following output:
Change Dir: /home/sunho/catkin_ws/build/CMakeFiles/CMakeTmp

Run Build Command:"/usr/bin/make" "cmTryCompileExec642886865/fast"
/usr/bin/make -f CMakeFiles/cmTryCompileExec642886865.dir/build.make CMakeFiles/cmTryCompileExec642886865.dir/build
make[1]: Entering directory `/home/sunho/catkin_ws/build/CMakeFiles/CMakeTmp'
/usr/bin/cmake -E cmake_progress_report /home/sunho/catkin_ws/build/CMakeFiles/CMakeTmp/CMakeFiles 1
Building C object CMakeFiles/cmTryCompileExec642886865.dir/CheckFunctionExists.c.o
/usr/bin/cc   -DCHECK_FUNCTION_EXISTS=pthread_create   -o CMakeFiles/cmTryCompileExec642886865.dir/CheckFunctionExists.c.o   -c /usr/share/cmake-3.2/Modules/CheckFunctionExists.c
Linking C executable cmTryCompileExec642886865
/usr/bin/cmake -E cmake_link_script CMakeFiles/cmTryCompileExec642886865.dir/link.txt --verbose=1
/usr/bin/cc   -DCHECK_FUNCTION_EXISTS=pthread_create    CMakeFiles/cmTryCompileExec642886865.dir/CheckFunctionExists.c.o  -o cmTryCompileExec642886865 -rdynamic -lpthreads 
/usr/bin/ld: cannot find -lpthreads
collect2: error: ld returned 1 exit status
make[1]: *** [cmTryCompileExec642886865] Error 1
make[1]: Leaving directory `/home/sunho/catkin_ws/build/CMakeFiles/CMakeTmp'
make: *** [cmTryCompileExec642886865/fast] Error 2


